<?xml version="1.0" encoding="UTF-8"?>
<!-- Generated by org.testng.reporters.JUnitReportReporter -->
<testsuite skipped="0" hostname="A1ML19734" name="ebay.testcases.LoginScreenTest" tests="1" failures="0" timestamp="04 Apr 2018 10:49:24 GMT" time="48.001" errors="0">
  <testcase name="toVerifyLoginScreen" time="48.001" classname="ebay.testcases.LoginScreenTest"/>
</testsuite> <!-- ebay.testcases.LoginScreenTest -->
