<?xml version="1.0" encoding="UTF-8"?>
<!-- Generated by org.testng.reporters.JUnitReportReporter -->
<testsuite skipped="0" hostname="A1ML19734" name="ebay.testcases.Base" tests="1" failures="0" timestamp="1 Apr 2018 20:41:06 GMT" time="91.093" errors="0">
  <testcase name="setup" time="91.093" classname="ebay.testcases.Base"/>
</testsuite> <!-- ebay.testcases.Base -->
